# JRE version: OpenJDK Runtime Environment GraalVM CE 22.3.3 (17.0.8+7) (build 17.0.8+7-jvmci-22.3-b22)
# Java VM: OpenJDK 64-Bit Server VM GraalVM CE 22.3.3 (17.0.8+7-jvmci-22.3-b22, mixed mode, sharing, tiered, jvmci, jvmci compiler, compressed oops, compressed class ptrs, g1 gc, windows-amd64)
GC Precious Log:
 CPUs: 4 total, 4 available
 Memory: 8102M
 Large Page Support: Disabled
 NUMA Support: Disabled
 Compressed Oops: Enabled (32-bit)
 Heap Region Size: 1M
 Heap Min Capacity: 256M
 Heap Initial Capacity: 256M
 Heap Max Capacity: 512M
 Pre-touch: Disabled
 Parallel Workers: 4
 Concurrent Workers: 1
 Concurrent Refinement Workers: 4
 Periodic GC: Disabled
Heap:
 garbage-first heap   total 262144K, used 136173K [0x00000000e0000000, 0x0000000100000000)
  region size 1024K, 114 young (116736K), 12 survivors (12288K)
 Metaspace       used 34342K, committed 34752K, reserved 393216K
  class space    used 4711K, committed 4864K, reserved 327680K
GC Heap History (8 events):
Event: 1.295 GC heap before
{Heap before GC invocations=0 (full 0):
 garbage-first heap   total 262144K, used 12288K [0x00000000e0000000, 0x0000000100000000)
  region size 1024K, 13 young (13312K), 0 survivors (0K)
 Metaspace       used 1195K, committed 1344K, reserved 393216K
  class space    used 85K, committed 128K, reserved 327680K
}
Event: 1.300 GC heap after
{Heap after GC invocations=1 (full 0):
 garbage-first heap   total 262144K, used 3514K [0x00000000e0000000, 0x0000000100000000)
  region size 1024K, 2 young (2048K), 2 survivors (2048K)
 Metaspace       used 1195K, committed 1344K, reserved 393216K
  class space    used 85K, committed 128K, reserved 327680K
}
Event: 2.162 GC heap before
{Heap before GC invocations=1 (full 0):
 garbage-first heap   total 262144K, used 21946K [0x00000000e0000000, 0x0000000100000000)
  region size 1024K, 17 young (17408K), 2 survivors (2048K)
 Metaspace       used 4103K, committed 4288K, reserved 393216K
  class space    used 484K, committed 576K, reserved 327680K
}
Event: 2.166 GC heap after
{Heap after GC invocations=2 (full 0):
 garbage-first heap   total 262144K, used 10912K [0x00000000e0000000, 0x0000000100000000)
  region size 1024K, 3 young (3072K), 3 survivors (3072K)
 Metaspace       used 4103K, committed 4288K, reserved 393216K
  class space    used 484K, committed 576K, reserved 327680K
}
Event: 2.884 GC heap before
{Heap before GC invocations=2 (full 0):
 garbage-first heap   total 262144K, used 34464K [0x00000000e0000000, 0x0000000100000000)
  region size 1024K, 26 young (26624K), 3 survivors (3072K)
 Metaspace       used 4414K, committed 4544K, reserved 393216K
  class space    used 502K, committed 576K, reserved 327680K
}
Event: 2.887 GC heap after
{Heap after GC invocations=3 (full 0):
 garbage-first heap   total 262144K, used 11539K [0x00000000e0000000, 0x0000000100000000)
  region size 1024K, 1 young (1024K), 1 survivors (1024K)
 Metaspace       used 4414K, committed 4544K, reserved 393216K
  class space    used 502K, committed 576K, reserved 327680K
}
Event: 7.520 GC heap before
{Heap before GC invocations=3 (full 0):
 garbage-first heap   total 262144K, used 122131K [0x00000000e0000000, 0x0000000100000000)
  region size 1024K, 110 young (112640K), 1 survivors (1024K)
 Metaspace       used 21255K, committed 21504K, reserved 393216K
  class space    used 3014K, committed 3136K, reserved 327680K
}
Event: 7.535 GC heap after
{Heap after GC invocations=4 (full 0):
 garbage-first heap   total 262144K, used 22509K [0x00000000e0000000, 0x0000000100000000)
  region size 1024K, 12 young (12288K), 12 survivors (12288K)
 Metaspace       used 21255K, committed 21504K, reserved 393216K
  class space    used 3014K, committed 3136K, reserved 327680K
}

